<?xml version="1.0" encoding="UTF-8"?>
<!-- Generated by org.testng.reporters.JUnitReportReporter -->
<testsuite hostname="LT-5CD03610RK" failures="0" tests="8" name="testNG_Class.MyTestNGExample" time="0.072" errors="0" timestamp="13 Apr 2022 23:32:25 GMT" skipped="0">
  <testcase classname="testNG_Class.MyTestNGExample" name="facebook" time="0.011"/>
  <testcase classname="testNG_Class.MyTestNGExample" name="instagram" time="0.004"/>
  <testcase classname="testNG_Class.MyTestNGExample" name="instagram" time="0.015"/>
  <testcase classname="testNG_Class.MyTestNGExample" name="instagram" time="0.007"/>
  <testcase classname="testNG_Class.MyTestNGExample" name="instagram" time="0.006"/>
  <testcase classname="testNG_Class.MyTestNGExample" name="instagram" time="0.014"/>
  <testcase classname="testNG_Class.MyTestNGExample" name="google" time="0.011"/>
  <testcase classname="testNG_Class.MyTestNGExample" name="twitter" time="0.004"/>
</testsuite> <!-- testNG_Class.MyTestNGExample -->
