<?xml version="1.0" encoding="UTF-8"?>
<!-- Generated by org.testng.reporters.JUnitReportReporter -->
<testsuite hostname="LT-5CD03610RK" failures="0" tests="3" name="testNG_Class.ParallerExcecutionMethods" time="24.295" errors="0" timestamp="24 Apr 2022 11:18:36 GMT" skipped="0">
  <testcase classname="testNG_Class.ParallerExcecutionMethods" name="register" time="7.960"/>
  <testcase classname="testNG_Class.ParallerExcecutionMethods" name="bookForDemo" time="8.049"/>
  <testcase classname="testNG_Class.ParallerExcecutionMethods" name="login" time="8.286"/>
</testsuite> <!-- testNG_Class.ParallerExcecutionMethods -->
