<?xml version="1.0" encoding="UTF-8"?>
<!-- Generated by org.testng.reporters.JUnitReportReporter -->
<testsuite hostname="LT-5CD03610RK" failures="0" tests="2" name="testNG_Class.MyBatchOne" time="0.017" errors="0" timestamp="22 Apr 2022 16:17:07 GMT" skipped="0">
  <testcase classname="testNG_Class.MyBatchOne" name="batchMethodOne" time="0.014"/>
  <testcase classname="testNG_Class.MyBatchOne" name="batchMethodTwo" time="0.003"/>
</testsuite> <!-- testNG_Class.MyBatchOne -->
