<?xml version="1.0" encoding="UTF-8"?>
<!-- Generated by org.testng.reporters.JUnitReportReporter -->
<testsuite hostname="LT-5CD03610RK" failures="0" tests="1" name="selenium_basic.FirefoxProgramme" time="10.494" errors="0" timestamp="15 Apr 2022 07:23:50 GMT" skipped="0">
  <testcase classname="selenium_basic.FirefoxProgramme" name="twitterExample" time="10.494"/>
</testsuite> <!-- selenium_basic.FirefoxProgramme -->
