<?xml version="1.0" encoding="UTF-8"?>
<!-- Generated by org.testng.reporters.JUnitReportReporter -->
<testsuite hostname="LT-5CD03610RK" failures="0" tests="2" name="Selenium.MyBatchTwo" time="0.003" errors="0" timestamp="22 Apr 2022 16:17:07 GMT" skipped="0">
  <testcase classname="Selenium.MyBatchTwo" name="seleniumMethodOne" time="0.001"/>
  <testcase classname="Selenium.MyBatchTwo" name="seleniumMethodTwo" time="0.002"/>
</testsuite> <!-- Selenium.MyBatchTwo -->
