<?xml version="1.0" encoding="UTF-8"?>
<!-- Generated by org.testng.reporters.JUnitReportReporter -->
<testsuite hostname="LT-5CD03610RK" failures="0" tests="1" name="selenium_basic.Selenium_commands" time="7.283" errors="0" timestamp="14 Apr 2022 18:52:46 GMT" skipped="0">
  <testcase classname="selenium_basic.Selenium_commands" name="facebook" time="7.283"/>
</testsuite> <!-- selenium_basic.Selenium_commands -->
