<?xml version="1.0" encoding="UTF-8"?>
<!-- Generated by org.testng.reporters.JUnitReportReporter -->
<testsuite hostname="LT-5CD03610RK" failures="0" tests="4" name="selenium_basic.SeleniumAdvancedCommands" time="26.078" errors="0" timestamp="15 Apr 2022 17:26:31 GMT" skipped="3">
  <testcase classname="selenium_basic.SeleniumAdvancedCommands" name="mouseHover" time="26.078"/>
  <testcase classname="selenium_basic.SeleniumAdvancedCommands" name="linksFindElements">
    <skipped/>
  </testcase> <!-- linksFindElements -->
  <testcase classname="selenium_basic.SeleniumAdvancedCommands" name="alertHandle">
    <skipped/>
  </testcase> <!-- alertHandle -->
  <testcase classname="selenium_basic.SeleniumAdvancedCommands" name="dropDownHandle">
    <skipped/>
  </testcase> <!-- dropDownHandle -->
</testsuite> <!-- selenium_basic.SeleniumAdvancedCommands -->
