<?xml version="1.0" encoding="UTF-8"?>
<!-- Generated by org.testng.reporters.JUnitReportReporter -->
<testsuite hostname="LT-5CD03610RK" failures="0" tests="6" name="testNG_Class.TestNG_Class1" time="0.024" errors="0" timestamp="20 Apr 2022 17:50:08 GMT" skipped="1">
  <testcase classname="testNG_Class.TestNG_Class1" name="instagram" time="0.005"/>
  <testcase classname="testNG_Class.TestNG_Class1" name="instagram" time="0.004"/>
  <testcase classname="testNG_Class.TestNG_Class1" name="instagram" time="0.003"/>
  <testcase classname="testNG_Class.TestNG_Class1" name="instagram" time="0.002"/>
  <testcase classname="testNG_Class.TestNG_Class1" name="google" time="0.010"/>
  <testcase classname="testNG_Class.TestNG_Class1" name="faceBook">
    <skipped/>
  </testcase> <!-- faceBook -->
</testsuite> <!-- testNG_Class.TestNG_Class1 -->
