<?xml version="1.0" encoding="UTF-8"?>
<!-- Generated by org.testng.reporters.JUnitReportReporter -->
<testsuite hostname="LT-5CD03610RK" failures="0" tests="9" name="selenium_basic.PracticeSession" time="32.876" errors="0" timestamp="24 Apr 2022 02:07:16 GMT" skipped="8">
  <testcase classname="selenium_basic.PracticeSession" name="formFrameHandle" time="32.876"/>
  <testcase classname="selenium_basic.PracticeSession" name="mouseHandler">
    <skipped/>
  </testcase> <!-- mouseHandler -->
  <testcase classname="selenium_basic.PracticeSession" name="handleSelect">
    <skipped/>
  </testcase> <!-- handleSelect -->
  <testcase classname="selenium_basic.PracticeSession" name="getLinks">
    <skipped/>
  </testcase> <!-- getLinks -->
  <testcase classname="selenium_basic.PracticeSession" name="roundTrip">
    <skipped/>
  </testcase> <!-- roundTrip -->
  <testcase classname="selenium_basic.PracticeSession" name="authenticationPopup">
    <skipped/>
  </testcase> <!-- authenticationPopup -->
  <testcase classname="selenium_basic.PracticeSession" name="frameHandle">
    <skipped/>
  </testcase> <!-- frameHandle -->
  <testcase classname="selenium_basic.PracticeSession" name="alertHandle">
    <skipped/>
  </testcase> <!-- alertHandle -->
  <testcase classname="selenium_basic.PracticeSession" name="facebook">
    <skipped/>
  </testcase> <!-- facebook -->
</testsuite> <!-- selenium_basic.PracticeSession -->
