<?xml version="1.0" encoding="UTF-8"?>
<!-- Generated by org.testng.reporters.JUnitReportReporter -->
<testsuite hostname="LT-5CD03610RK" failures="0" tests="4" name="Resturantprogramee.Batch2" time="0.063" errors="0" timestamp="20 Apr 2022 17:50:08 GMT" skipped="0">
  <testcase classname="Resturantprogramee.Batch2" name="batch2" time="0.008"/>
  <testcase classname="Resturantprogramee.Batch2" name="batch2" time="0.008"/>
  <testcase classname="Resturantprogramee.Batch2" name="batch2" time="0.040"/>
  <testcase classname="Resturantprogramee.Batch2" name="batch2" time="0.007"/>
</testsuite> <!-- Resturantprogramee.Batch2 -->
