<?xml version="1.0" encoding="UTF-8"?>
<!-- Generated by org.testng.reporters.JUnitReportReporter -->
<testsuite hostname="LT-5CD03610RK" failures="0" tests="1" name="Selenium.Batch1" time="0.001" errors="0" timestamp="20 Apr 2022 17:50:08 GMT" skipped="0">
  <testcase classname="Selenium.Batch1" name="batchone" time="0.001"/>
</testsuite> <!-- Selenium.Batch1 -->
